<?xml version="1.0" encoding="UTF-8"?>
<testsuite xmlns:xsi="http://www.w3.org/2001/XMLSchema-instance" xsi:noNamespaceSchemaLocation="https://maven.apache.org/surefire/maven-surefire-plugin/xsd/surefire-test-report-3.0.xsd" version="3.0" name="TestSuite" time="24.948" tests="1" errors="0" skipped="0" failures="1">
  <properties>
    <property name="java.specification.version" value="13"/>
    <property name="webdriver.chrome.driver" value="/Users/anupamadhir/.m2/repository/webdriver/chromedriver/mac64/81.0.4044.138/chromedriver"/>
    <property name="sun.jnu.encoding" value="UTF-8"/>
    <property name="java.class.path" value="/Users/anupamadhir/workspace/SeleniumHRProject/target/test-classes:/Users/anupamadhir/workspace/SeleniumHRProject/target/classes:/Users/anupamadhir/.m2/repository/org/seleniumhq/selenium/selenium-java/3.141.59/selenium-java-3.141.59.jar:/Users/anupamadhir/.m2/repository/org/seleniumhq/selenium/selenium-api/3.141.59/selenium-api-3.141.59.jar:/Users/anupamadhir/.m2/repository/org/seleniumhq/selenium/selenium-chrome-driver/3.141.59/selenium-chrome-driver-3.141.59.jar:/Users/anupamadhir/.m2/repository/org/seleniumhq/selenium/selenium-edge-driver/3.141.59/selenium-edge-driver-3.141.59.jar:/Users/anupamadhir/.m2/repository/org/seleniumhq/selenium/selenium-firefox-driver/3.141.59/selenium-firefox-driver-3.141.59.jar:/Users/anupamadhir/.m2/repository/org/seleniumhq/selenium/selenium-ie-driver/3.141.59/selenium-ie-driver-3.141.59.jar:/Users/anupamadhir/.m2/repository/org/seleniumhq/selenium/selenium-opera-driver/3.141.59/selenium-opera-driver-3.141.59.jar:/Users/anupamadhir/.m2/repository/org/seleniumhq/selenium/selenium-remote-driver/3.141.59/selenium-remote-driver-3.141.59.jar:/Users/anupamadhir/.m2/repository/org/seleniumhq/selenium/selenium-safari-driver/3.141.59/selenium-safari-driver-3.141.59.jar:/Users/anupamadhir/.m2/repository/org/seleniumhq/selenium/selenium-support/3.141.59/selenium-support-3.141.59.jar:/Users/anupamadhir/.m2/repository/net/bytebuddy/byte-buddy/1.8.15/byte-buddy-1.8.15.jar:/Users/anupamadhir/.m2/repository/org/apache/commons/commons-exec/1.3/commons-exec-1.3.jar:/Users/anupamadhir/.m2/repository/com/google/guava/guava/25.0-jre/guava-25.0-jre.jar:/Users/anupamadhir/.m2/repository/com/google/code/findbugs/jsr305/1.3.9/jsr305-1.3.9.jar:/Users/anupamadhir/.m2/repository/org/checkerframework/checker-compat-qual/2.0.0/checker-compat-qual-2.0.0.jar:/Users/anupamadhir/.m2/repository/com/google/errorprone/error_prone_annotations/2.1.3/error_prone_annotations-2.1.3.jar:/Users/anupamadhir/.m2/repository/com/google/j2objc/j2objc-annotations/1.1/j2objc-annotations-1.1.jar:/Users/anupamadhir/.m2/repository/org/codehaus/mojo/animal-sniffer-annotations/1.14/animal-sniffer-annotations-1.14.jar:/Users/anupamadhir/.m2/repository/com/squareup/okhttp3/okhttp/3.11.0/okhttp-3.11.0.jar:/Users/anupamadhir/.m2/repository/com/squareup/okio/okio/1.14.0/okio-1.14.0.jar:/Users/anupamadhir/.m2/repository/io/github/bonigarcia/webdrivermanager/3.8.1/webdrivermanager-3.8.1.jar:/Users/anupamadhir/.m2/repository/commons-io/commons-io/2.6/commons-io-2.6.jar:/Users/anupamadhir/.m2/repository/com/google/code/gson/gson/2.8.5/gson-2.8.5.jar:/Users/anupamadhir/.m2/repository/org/apache/commons/commons-lang3/3.8.1/commons-lang3-3.8.1.jar:/Users/anupamadhir/.m2/repository/org/apache/httpcomponents/httpclient/4.5.6/httpclient-4.5.6.jar:/Users/anupamadhir/.m2/repository/org/apache/httpcomponents/httpcore/4.4.10/httpcore-4.4.10.jar:/Users/anupamadhir/.m2/repository/commons-logging/commons-logging/1.2/commons-logging-1.2.jar:/Users/anupamadhir/.m2/repository/org/rauschig/jarchivelib/1.0.0/jarchivelib-1.0.0.jar:/Users/anupamadhir/.m2/repository/org/jsoup/jsoup/1.11.3/jsoup-1.11.3.jar:/Users/anupamadhir/.m2/repository/org/junit/jupiter/junit-jupiter-api/5.7.0-M1/junit-jupiter-api-5.7.0-M1.jar:/Users/anupamadhir/.m2/repository/org/apiguardian/apiguardian-api/1.1.0/apiguardian-api-1.1.0.jar:/Users/anupamadhir/.m2/repository/org/opentest4j/opentest4j/1.2.0/opentest4j-1.2.0.jar:/Users/anupamadhir/.m2/repository/org/junit/platform/junit-platform-commons/1.7.0-M1/junit-platform-commons-1.7.0-M1.jar:/Users/anupamadhir/.m2/repository/org/testng/testng/7.1.0/testng-7.1.0.jar:/Users/anupamadhir/.m2/repository/com/beust/jcommander/1.72/jcommander-1.72.jar:/Users/anupamadhir/.m2/repository/com/google/inject/guice/4.1.0/guice-4.1.0-no_aop.jar:/Users/anupamadhir/.m2/repository/javax/inject/javax.inject/1/javax.inject-1.jar:/Users/anupamadhir/.m2/repository/aopalliance/aopalliance/1.0/aopalliance-1.0.jar:/Users/anupamadhir/.m2/repository/org/yaml/snakeyaml/1.21/snakeyaml-1.21.jar:/Users/anupamadhir/.m2/repository/org/apache/poi/poi-ooxml/4.1.2/poi-ooxml-4.1.2.jar:/Users/anupamadhir/.m2/repository/org/apache/poi/poi-ooxml-schemas/4.1.2/poi-ooxml-schemas-4.1.2.jar:/Users/anupamadhir/.m2/repository/org/apache/xmlbeans/xmlbeans/3.1.0/xmlbeans-3.1.0.jar:/Users/anupamadhir/.m2/repository/org/apache/commons/commons-compress/1.19/commons-compress-1.19.jar:/Users/anupamadhir/.m2/repository/com/github/virtuald/curvesapi/1.06/curvesapi-1.06.jar:/Users/anupamadhir/.m2/repository/org/apache/poi/poi/4.1.2/poi-4.1.2.jar:/Users/anupamadhir/.m2/repository/commons-codec/commons-codec/1.13/commons-codec-1.13.jar:/Users/anupamadhir/.m2/repository/org/apache/commons/commons-collections4/4.4/commons-collections4-4.4.jar:/Users/anupamadhir/.m2/repository/org/apache/commons/commons-math3/3.6.1/commons-math3-3.6.1.jar:/Users/anupamadhir/.m2/repository/com/zaxxer/SparseBitSet/1.2/SparseBitSet-1.2.jar:/Users/anupamadhir/.m2/repository/mysql/mysql-connector-java/8.0.20/mysql-connector-java-8.0.20.jar:/Users/anupamadhir/.m2/repository/com/google/protobuf/protobuf-java/3.6.1/protobuf-java-3.6.1.jar:/Users/anupamadhir/.m2/repository/org/apache/logging/log4j/log4j-api/2.13.2/log4j-api-2.13.2.jar:/Users/anupamadhir/.m2/repository/org/apache/logging/log4j/log4j-core/2.13.2/log4j-core-2.13.2.jar:/Users/anupamadhir/.m2/repository/org/slf4j/slf4j-api/1.7.29/slf4j-api-1.7.29.jar:/Users/anupamadhir/.m2/repository/org/slf4j/slf4j-log4j12/1.7.29/slf4j-log4j12-1.7.29.jar:/Users/anupamadhir/.m2/repository/log4j/log4j/1.2.17/log4j-1.2.17.jar:/Users/anupamadhir/.m2/repository/com/aventstack/extentreports/3.1.5/extentreports-3.1.5.jar:/Users/anupamadhir/.m2/repository/org/freemarker/freemarker/2.3.23/freemarker-2.3.23.jar:/Users/anupamadhir/.m2/repository/org/mongodb/mongodb-driver/3.3.0/mongodb-driver-3.3.0.jar:/Users/anupamadhir/.m2/repository/org/mongodb/bson/3.3.0/bson-3.3.0.jar:/Users/anupamadhir/.m2/repository/org/mongodb/mongodb-driver-core/3.3.0/mongodb-driver-core-3.3.0.jar:/Users/anupamadhir/.m2/repository/org/apache/httpcomponents/httpmime/4.5.2/httpmime-4.5.2.jar:/Users/anupamadhir/.m2/repository/com/relevantcodes/extentreports/2.41.2/extentreports-2.41.2.jar:/Users/anupamadhir/.m2/repository/org/xerial/sqlite-jdbc/3.8.11.1/sqlite-jdbc-3.8.11.1.jar:/Users/anupamadhir/.m2/repository/info/cukes/cucumber-java/1.2.5/cucumber-java-1.2.5.jar:/Users/anupamadhir/.m2/repository/info/cukes/cucumber-core/1.2.5/cucumber-core-1.2.5.jar:/Users/anupamadhir/.m2/repository/info/cukes/cucumber-html/0.2.3/cucumber-html-0.2.3.jar:/Users/anupamadhir/.m2/repository/info/cukes/cucumber-jvm-deps/1.0.5/cucumber-jvm-deps-1.0.5.jar:/Users/anupamadhir/.m2/repository/info/cukes/gherkin/2.12.2/gherkin-2.12.2.jar:/Users/anupamadhir/.m2/repository/info/cukes/cucumber-testng/1.2.5/cucumber-testng-1.2.5.jar:/Users/anupamadhir/.m2/repository/info/cukes/cucumber-junit/1.2.5/cucumber-junit-1.2.5.jar:/Users/anupamadhir/.m2/repository/junit/junit/4.11/junit-4.11.jar:/Users/anupamadhir/.m2/repository/org/hamcrest/hamcrest-core/1.3/hamcrest-core-1.3.jar:"/>
    <property name="java.vm.vendor" value="Oracle Corporation"/>
    <property name="sun.arch.data.model" value="64"/>
    <property name="java.vendor.url" value="https://openjdk.java.net/"/>
    <property name="user.timezone" value="Asia/Singapore"/>
    <property name="os.name" value="Mac OS X"/>
    <property name="java.vm.specification.version" value="13"/>
    <property name="sun.java.launcher" value="SUN_STANDARD"/>
    <property name="user.country" value="SG"/>
    <property name="sun.boot.library.path" value="/usr/local/Cellar/openjdk/13.0.2+8_2/libexec/openjdk.jdk/Contents/Home/lib"/>
    <property name="sun.java.command" value="/Users/anupamadhir/workspace/SeleniumHRProject/target/surefire/surefirebooter18245059868053300868.jar /Users/anupamadhir/workspace/SeleniumHRProject/target/surefire 2020-05-15T10-01-32_138-jvmRun1 surefire12145914537763212937tmp surefire_05570962593905150576tmp"/>
    <property name="http.nonProxyHosts" value="local|*.local|169.254/16|*.169.254/16"/>
    <property name="jdk.debug" value="release"/>
    <property name="surefire.test.class.path" value="/Users/anupamadhir/workspace/SeleniumHRProject/target/test-classes:/Users/anupamadhir/workspace/SeleniumHRProject/target/classes:/Users/anupamadhir/.m2/repository/org/seleniumhq/selenium/selenium-java/3.141.59/selenium-java-3.141.59.jar:/Users/anupamadhir/.m2/repository/org/seleniumhq/selenium/selenium-api/3.141.59/selenium-api-3.141.59.jar:/Users/anupamadhir/.m2/repository/org/seleniumhq/selenium/selenium-chrome-driver/3.141.59/selenium-chrome-driver-3.141.59.jar:/Users/anupamadhir/.m2/repository/org/seleniumhq/selenium/selenium-edge-driver/3.141.59/selenium-edge-driver-3.141.59.jar:/Users/anupamadhir/.m2/repository/org/seleniumhq/selenium/selenium-firefox-driver/3.141.59/selenium-firefox-driver-3.141.59.jar:/Users/anupamadhir/.m2/repository/org/seleniumhq/selenium/selenium-ie-driver/3.141.59/selenium-ie-driver-3.141.59.jar:/Users/anupamadhir/.m2/repository/org/seleniumhq/selenium/selenium-opera-driver/3.141.59/selenium-opera-driver-3.141.59.jar:/Users/anupamadhir/.m2/repository/org/seleniumhq/selenium/selenium-remote-driver/3.141.59/selenium-remote-driver-3.141.59.jar:/Users/anupamadhir/.m2/repository/org/seleniumhq/selenium/selenium-safari-driver/3.141.59/selenium-safari-driver-3.141.59.jar:/Users/anupamadhir/.m2/repository/org/seleniumhq/selenium/selenium-support/3.141.59/selenium-support-3.141.59.jar:/Users/anupamadhir/.m2/repository/net/bytebuddy/byte-buddy/1.8.15/byte-buddy-1.8.15.jar:/Users/anupamadhir/.m2/repository/org/apache/commons/commons-exec/1.3/commons-exec-1.3.jar:/Users/anupamadhir/.m2/repository/com/google/guava/guava/25.0-jre/guava-25.0-jre.jar:/Users/anupamadhir/.m2/repository/com/google/code/findbugs/jsr305/1.3.9/jsr305-1.3.9.jar:/Users/anupamadhir/.m2/repository/org/checkerframework/checker-compat-qual/2.0.0/checker-compat-qual-2.0.0.jar:/Users/anupamadhir/.m2/repository/com/google/errorprone/error_prone_annotations/2.1.3/error_prone_annotations-2.1.3.jar:/Users/anupamadhir/.m2/repository/com/google/j2objc/j2objc-annotations/1.1/j2objc-annotations-1.1.jar:/Users/anupamadhir/.m2/repository/org/codehaus/mojo/animal-sniffer-annotations/1.14/animal-sniffer-annotations-1.14.jar:/Users/anupamadhir/.m2/repository/com/squareup/okhttp3/okhttp/3.11.0/okhttp-3.11.0.jar:/Users/anupamadhir/.m2/repository/com/squareup/okio/okio/1.14.0/okio-1.14.0.jar:/Users/anupamadhir/.m2/repository/io/github/bonigarcia/webdrivermanager/3.8.1/webdrivermanager-3.8.1.jar:/Users/anupamadhir/.m2/repository/commons-io/commons-io/2.6/commons-io-2.6.jar:/Users/anupamadhir/.m2/repository/com/google/code/gson/gson/2.8.5/gson-2.8.5.jar:/Users/anupamadhir/.m2/repository/org/apache/commons/commons-lang3/3.8.1/commons-lang3-3.8.1.jar:/Users/anupamadhir/.m2/repository/org/apache/httpcomponents/httpclient/4.5.6/httpclient-4.5.6.jar:/Users/anupamadhir/.m2/repository/org/apache/httpcomponents/httpcore/4.4.10/httpcore-4.4.10.jar:/Users/anupamadhir/.m2/repository/commons-logging/commons-logging/1.2/commons-logging-1.2.jar:/Users/anupamadhir/.m2/repository/org/rauschig/jarchivelib/1.0.0/jarchivelib-1.0.0.jar:/Users/anupamadhir/.m2/repository/org/jsoup/jsoup/1.11.3/jsoup-1.11.3.jar:/Users/anupamadhir/.m2/repository/org/junit/jupiter/junit-jupiter-api/5.7.0-M1/junit-jupiter-api-5.7.0-M1.jar:/Users/anupamadhir/.m2/repository/org/apiguardian/apiguardian-api/1.1.0/apiguardian-api-1.1.0.jar:/Users/anupamadhir/.m2/repository/org/opentest4j/opentest4j/1.2.0/opentest4j-1.2.0.jar:/Users/anupamadhir/.m2/repository/org/junit/platform/junit-platform-commons/1.7.0-M1/junit-platform-commons-1.7.0-M1.jar:/Users/anupamadhir/.m2/repository/org/testng/testng/7.1.0/testng-7.1.0.jar:/Users/anupamadhir/.m2/repository/com/beust/jcommander/1.72/jcommander-1.72.jar:/Users/anupamadhir/.m2/repository/com/google/inject/guice/4.1.0/guice-4.1.0-no_aop.jar:/Users/anupamadhir/.m2/repository/javax/inject/javax.inject/1/javax.inject-1.jar:/Users/anupamadhir/.m2/repository/aopalliance/aopalliance/1.0/aopalliance-1.0.jar:/Users/anupamadhir/.m2/repository/org/yaml/snakeyaml/1.21/snakeyaml-1.21.jar:/Users/anupamadhir/.m2/repository/org/apache/poi/poi-ooxml/4.1.2/poi-ooxml-4.1.2.jar:/Users/anupamadhir/.m2/repository/org/apache/poi/poi-ooxml-schemas/4.1.2/poi-ooxml-schemas-4.1.2.jar:/Users/anupamadhir/.m2/repository/org/apache/xmlbeans/xmlbeans/3.1.0/xmlbeans-3.1.0.jar:/Users/anupamadhir/.m2/repository/org/apache/commons/commons-compress/1.19/commons-compress-1.19.jar:/Users/anupamadhir/.m2/repository/com/github/virtuald/curvesapi/1.06/curvesapi-1.06.jar:/Users/anupamadhir/.m2/repository/org/apache/poi/poi/4.1.2/poi-4.1.2.jar:/Users/anupamadhir/.m2/repository/commons-codec/commons-codec/1.13/commons-codec-1.13.jar:/Users/anupamadhir/.m2/repository/org/apache/commons/commons-collections4/4.4/commons-collections4-4.4.jar:/Users/anupamadhir/.m2/repository/org/apache/commons/commons-math3/3.6.1/commons-math3-3.6.1.jar:/Users/anupamadhir/.m2/repository/com/zaxxer/SparseBitSet/1.2/SparseBitSet-1.2.jar:/Users/anupamadhir/.m2/repository/mysql/mysql-connector-java/8.0.20/mysql-connector-java-8.0.20.jar:/Users/anupamadhir/.m2/repository/com/google/protobuf/protobuf-java/3.6.1/protobuf-java-3.6.1.jar:/Users/anupamadhir/.m2/repository/org/apache/logging/log4j/log4j-api/2.13.2/log4j-api-2.13.2.jar:/Users/anupamadhir/.m2/repository/org/apache/logging/log4j/log4j-core/2.13.2/log4j-core-2.13.2.jar:/Users/anupamadhir/.m2/repository/org/slf4j/slf4j-api/1.7.29/slf4j-api-1.7.29.jar:/Users/anupamadhir/.m2/repository/org/slf4j/slf4j-log4j12/1.7.29/slf4j-log4j12-1.7.29.jar:/Users/anupamadhir/.m2/repository/log4j/log4j/1.2.17/log4j-1.2.17.jar:/Users/anupamadhir/.m2/repository/com/aventstack/extentreports/3.1.5/extentreports-3.1.5.jar:/Users/anupamadhir/.m2/repository/org/freemarker/freemarker/2.3.23/freemarker-2.3.23.jar:/Users/anupamadhir/.m2/repository/org/mongodb/mongodb-driver/3.3.0/mongodb-driver-3.3.0.jar:/Users/anupamadhir/.m2/repository/org/mongodb/bson/3.3.0/bson-3.3.0.jar:/Users/anupamadhir/.m2/repository/org/mongodb/mongodb-driver-core/3.3.0/mongodb-driver-core-3.3.0.jar:/Users/anupamadhir/.m2/repository/org/apache/httpcomponents/httpmime/4.5.2/httpmime-4.5.2.jar:/Users/anupamadhir/.m2/repository/com/relevantcodes/extentreports/2.41.2/extentreports-2.41.2.jar:/Users/anupamadhir/.m2/repository/org/xerial/sqlite-jdbc/3.8.11.1/sqlite-jdbc-3.8.11.1.jar:/Users/anupamadhir/.m2/repository/info/cukes/cucumber-java/1.2.5/cucumber-java-1.2.5.jar:/Users/anupamadhir/.m2/repository/info/cukes/cucumber-core/1.2.5/cucumber-core-1.2.5.jar:/Users/anupamadhir/.m2/repository/info/cukes/cucumber-html/0.2.3/cucumber-html-0.2.3.jar:/Users/anupamadhir/.m2/repository/info/cukes/cucumber-jvm-deps/1.0.5/cucumber-jvm-deps-1.0.5.jar:/Users/anupamadhir/.m2/repository/info/cukes/gherkin/2.12.2/gherkin-2.12.2.jar:/Users/anupamadhir/.m2/repository/info/cukes/cucumber-testng/1.2.5/cucumber-testng-1.2.5.jar:/Users/anupamadhir/.m2/repository/info/cukes/cucumber-junit/1.2.5/cucumber-junit-1.2.5.jar:/Users/anupamadhir/.m2/repository/junit/junit/4.11/junit-4.11.jar:/Users/anupamadhir/.m2/repository/org/hamcrest/hamcrest-core/1.3/hamcrest-core-1.3.jar:"/>
    <property name="sun.cpu.endian" value="little"/>
    <property name="user.home" value="/Users/anupamadhir"/>
    <property name="user.language" value="en"/>
    <property name="java.specification.vendor" value="Oracle Corporation"/>
    <property name="java.version.date" value="2020-01-14"/>
    <property name="java.home" value="/usr/local/Cellar/openjdk/13.0.2+8_2/libexec/openjdk.jdk/Contents/Home"/>
    <property name="file.separator" value="/"/>
    <property name="basedir" value="/Users/anupamadhir/workspace/SeleniumHRProject"/>
    <property name="java.vm.compressedOopsMode" value="Zero based"/>
    <property name="line.separator" value="&#10;"/>
    <property name="java.specification.name" value="Java Platform API Specification"/>
    <property name="java.vm.specification.vendor" value="Oracle Corporation"/>
    <property name="surefire.real.class.path" value="/Users/anupamadhir/workspace/SeleniumHRProject/target/surefire/surefirebooter18245059868053300868.jar"/>
    <property name="sun.management.compiler" value="HotSpot 64-Bit Tiered Compilers"/>
    <property name="ftp.nonProxyHosts" value="local|*.local|169.254/16|*.169.254/16"/>
    <property name="java.runtime.version" value="13.0.2+8"/>
    <property name="user.name" value="anupamadhir"/>
    <property name="path.separator" value=":"/>
    <property name="os.version" value="10.13.6"/>
    <property name="java.runtime.name" value="OpenJDK Runtime Environment"/>
    <property name="file.encoding" value="UTF-8"/>
    <property name="java.vm.name" value="OpenJDK 64-Bit Server VM"/>
    <property name="localRepository" value="/Users/anupamadhir/.m2/repository"/>
    <property name="java.vendor.url.bug" value="https://bugreport.java.com/bugreport/"/>
    <property name="java.io.tmpdir" value="/var/folders/m_/9km986zd2d362zp_fm1jy15w0000gn/T/"/>
    <property name="java.version" value="13.0.2"/>
    <property name="user.dir" value="/Users/anupamadhir/workspace/SeleniumHRProject"/>
    <property name="os.arch" value="x86_64"/>
    <property name="java.vm.specification.name" value="Java Virtual Machine Specification"/>
    <property name="java.library.path" value="/Users/anupamadhir/Library/Java/Extensions:/Library/Java/Extensions:/Network/Library/Java/Extensions:/System/Library/Java/Extensions:/usr/lib/java:."/>
    <property name="java.vm.info" value="mixed mode, sharing"/>
    <property name="java.vendor" value="N/A"/>
    <property name="java.vm.version" value="13.0.2+8"/>
    <property name="sun.io.unicode.encoding" value="UnicodeBig"/>
    <property name="socksNonProxyHosts" value="local|*.local|169.254/16|*.169.254/16"/>
    <property name="java.class.version" value="57.0"/>
  </properties>
  <testcase name="feature" classname="cucumberOptions.TestRunner" time="24.348">
    <failure message="org.openqa.selenium.NoSuchElementException: Cannot locate an element using css selector=#welcome&#10;For documentation on this error, please visit: https://www.seleniumhq.org/exceptions/no_such_element.html&#10;Build info: version: &apos;3.141.59&apos;, revision: &apos;e82be7d358&apos;, time: &apos;2018-11-14T08:17:03&apos;&#10;System info: host: &apos;ANUPAMAs-MBP&apos;, ip: &apos;fe80:0:0:0:1c07:7a00:a185:d22b%en0&apos;, os.name: &apos;Mac OS X&apos;, os.arch: &apos;x86_64&apos;, os.version: &apos;10.13.6&apos;, java.version: &apos;13.0.2&apos;&#10;Driver info: driver.version: RemoteWebDriver" type="cucumber.runtime.CucumberException"><![CDATA[cucumber.runtime.CucumberException: 
org.openqa.selenium.NoSuchElementException: Cannot locate an element using css selector=#welcome
For documentation on this error, please visit: https://www.seleniumhq.org/exceptions/no_such_element.html
Build info: version: '3.141.59', revision: 'e82be7d358', time: '2018-11-14T08:17:03'
System info: host: 'ANUPAMAs-MBP', ip: 'fe80:0:0:0:1c07:7a00:a185:d22b%en0', os.name: 'Mac OS X', os.arch: 'x86_64', os.version: '10.13.6', java.version: '13.0.2'
Driver info: driver.version: RemoteWebDriver
Caused by: org.openqa.selenium.NoSuchElementException: 
Cannot locate an element using css selector=#welcome
For documentation on this error, please visit: https://www.seleniumhq.org/exceptions/no_such_element.html
Build info: version: '3.141.59', revision: 'e82be7d358', time: '2018-11-14T08:17:03'
System info: host: 'ANUPAMAs-MBP', ip: 'fe80:0:0:0:1c07:7a00:a185:d22b%en0', os.name: 'Mac OS X', os.arch: 'x86_64', os.version: '10.13.6', java.version: '13.0.2'
Driver info: driver.version: RemoteWebDriver
]]></failure>
    <system-out><![CDATA[0 [main] DEBUG io.github.bonigarcia.wdm.Preferences  - Preference chrome=81 (valid until 2020-05-16 08:35:02)
2 [main] DEBUG io.github.bonigarcia.wdm.Preferences  - Preference chrome81=81.0.4044.138 (valid until 2020-05-16 08:35:02)
2 [main] INFO io.github.bonigarcia.wdm.WebDriverManager  - Using chromedriver 81.0.4044.138 (since Google Chrome 81 is installed in your machine)
12 [main] DEBUG io.github.bonigarcia.wdm.WebDriverManager  - Driver chromedriver 81.0.4044.138 found in cache
14 [main] INFO io.github.bonigarcia.wdm.WebDriverManager  - Exporting webdriver.chrome.driver as /Users/anupamadhir/.m2/repository/webdriver/chromedriver/mac64/81.0.4044.138/chromedriver
9459 [main] DEBUG io.github.bonigarcia.wdm.Preferences  - Preference chrome=81 (valid until 2020-05-16 08:35:02)
9459 [main] DEBUG io.github.bonigarcia.wdm.Preferences  - Preference chrome=81 (valid until 2020-05-16 08:35:02)
9460 [main] DEBUG io.github.bonigarcia.wdm.Preferences  - Preference chrome81=81.0.4044.138 (valid until 2020-05-16 08:35:02)
9460 [main] DEBUG io.github.bonigarcia.wdm.Preferences  - Preference chrome81=81.0.4044.138 (valid until 2020-05-16 08:35:02)
9461 [main] INFO io.github.bonigarcia.wdm.WebDriverManager  - Using chromedriver 81.0.4044.138 (since Google Chrome 81 is installed in your machine)
9461 [main] INFO io.github.bonigarcia.wdm.WebDriverManager  - Using chromedriver 81.0.4044.138 (since Google Chrome 81 is installed in your machine)
9472 [main] DEBUG io.github.bonigarcia.wdm.WebDriverManager  - Driver chromedriver 81.0.4044.138 found in cache
9472 [main] DEBUG io.github.bonigarcia.wdm.WebDriverManager  - Driver chromedriver 81.0.4044.138 found in cache
9472 [main] INFO io.github.bonigarcia.wdm.WebDriverManager  - Exporting webdriver.chrome.driver as /Users/anupamadhir/.m2/repository/webdriver/chromedriver/mac64/81.0.4044.138/chromedriver
9472 [main] INFO io.github.bonigarcia.wdm.WebDriverManager  - Exporting webdriver.chrome.driver as /Users/anupamadhir/.m2/repository/webdriver/chromedriver/mac64/81.0.4044.138/chromedriver
]]></system-out>
    <system-err><![CDATA[Starting ChromeDriver 81.0.4044.138 (8c6c7ba89cc9453625af54f11fd83179e23450fa-refs/branch-heads/4044@{#999}) on port 14360
Only local connections are allowed.
Please protect ports used by ChromeDriver and related test frameworks to prevent access by malicious code.
May 15, 2020 10:01:35 AM org.openqa.selenium.remote.ProtocolHandshake createSession
INFO: Detected dialect: W3C
[1589508097.341][SEVERE]: Timed out receiving message from renderer: 0.100
[1589508097.443][SEVERE]: Timed out receiving message from renderer: 0.100
[1589508097.547][SEVERE]: Timed out receiving message from renderer: 0.100
[1589508097.651][SEVERE]: Timed out receiving message from renderer: 0.100
[1589508097.755][SEVERE]: Timed out receiving message from renderer: 0.100
[1589508097.858][SEVERE]: Timed out receiving message from renderer: 0.100
[1589508097.961][SEVERE]: Timed out receiving message from renderer: 0.100
[1589508098.065][SEVERE]: Timed out receiving message from renderer: 0.100
[1589508098.168][SEVERE]: Timed out receiving message from renderer: 0.100
[1589508098.271][SEVERE]: Timed out receiving message from renderer: 0.100
[1589508098.375][SEVERE]: Timed out receiving message from renderer: 0.100
[1589508098.477][SEVERE]: Timed out receiving message from renderer: 0.100
[1589508098.580][SEVERE]: Timed out receiving message from renderer: 0.100
[1589508098.684][SEVERE]: Timed out receiving message from renderer: 0.100
[1589508098.911][SEVERE]: Timed out receiving message from renderer: 0.100
[1589508099.013][SEVERE]: Timed out receiving message from renderer: 0.100
[1589508099.118][SEVERE]: Timed out receiving message from renderer: 0.100
[1589508099.223][SEVERE]: Timed out receiving message from renderer: 0.100
[1589508099.327][SEVERE]: Timed out receiving message from renderer: 0.100
[1589508099.432][SEVERE]: Timed out receiving message from renderer: 0.100
[1589508099.535][SEVERE]: Timed out receiving message from renderer: 0.100
[1589508100.971][SEVERE]: Timed out receiving message from renderer: 0.100
[1589508101.075][SEVERE]: Timed out receiving message from renderer: 0.100
[1589508101.288][SEVERE]: Timed out receiving message from renderer: 0.100
[1589508101.390][SEVERE]: Timed out receiving message from renderer: 0.100
[1589508101.493][SEVERE]: Timed out receiving message from renderer: 0.100
Starting ChromeDriver 81.0.4044.138 (8c6c7ba89cc9453625af54f11fd83179e23450fa-refs/branch-heads/4044@{#999}) on port 48970
Only local connections are allowed.
Please protect ports used by ChromeDriver and related test frameworks to prevent access by malicious code.
May 15, 2020 10:01:44 AM org.openqa.selenium.remote.ProtocolHandshake createSession
INFO: Detected dialect: W3C
[1589508106.119][SEVERE]: Timed out receiving message from renderer: 0.100
[1589508106.222][SEVERE]: Timed out receiving message from renderer: 0.100
[1589508106.326][SEVERE]: Timed out receiving message from renderer: 0.100
[1589508106.430][SEVERE]: Timed out receiving message from renderer: 0.100
[1589508106.533][SEVERE]: Timed out receiving message from renderer: 0.100
[1589508106.638][SEVERE]: Timed out receiving message from renderer: 0.100
[1589508106.741][SEVERE]: Timed out receiving message from renderer: 0.100
[1589508106.844][SEVERE]: Timed out receiving message from renderer: 0.100
[1589508106.946][SEVERE]: Timed out receiving message from renderer: 0.100
[1589508107.048][SEVERE]: Timed out receiving message from renderer: 0.100
[1589508107.151][SEVERE]: Timed out receiving message from renderer: 0.100
[1589508107.253][SEVERE]: Timed out receiving message from renderer: 0.100
[1589508107.355][SEVERE]: Timed out receiving message from renderer: 0.100
[1589508107.638][SEVERE]: Timed out receiving message from renderer: 0.100
[1589508107.741][SEVERE]: Timed out receiving message from renderer: 0.100
[1589508107.843][SEVERE]: Timed out receiving message from renderer: 0.100
[1589508107.946][SEVERE]: Timed out receiving message from renderer: 0.100
[1589508108.049][SEVERE]: Timed out receiving message from renderer: 0.100
[1589508108.152][SEVERE]: Timed out receiving message from renderer: 0.100
[1589508108.254][SEVERE]: Timed out receiving message from renderer: 0.100
[1589508109.722][SEVERE]: Timed out receiving message from renderer: 0.100
[1589508109.825][SEVERE]: Timed out receiving message from renderer: 0.100
[1589508117.490][SEVERE]: Unable to receive message from renderer
]]></system-err>
  </testcase>
</testsuite>