<?xml version="1.0" encoding="UTF-8"?>
<!-- Generated by org.testng.reporters.JUnitReportReporter -->
<testsuite skipped="0" hostname="ANUPAMAs-MBP" name="hrapp.HomePage" tests="1" failures="0" timestamp="2020-05-04T09:55:21 SGT" time="6.894" errors="0">
  <testcase name="basePageNavigation" time="6.894" classname="hrapp.HomePage"/>
  <system-out/>
</testsuite> <!-- hrapp.HomePage -->
