<?xml version="1.0" encoding="UTF-8"?>
<!-- Generated by org.testng.reporters.JUnitReportReporter -->
<testsuite skipped="0" hostname="ANUPAMAs-MBP" name="hrapp.validateAssignLeave" tests="1" failures="0" timestamp="2020-05-04T09:55:21 SGT" time="6.363" errors="0">
  <testcase name="assignLeave" time="6.363" classname="hrapp.validateAssignLeave"/>
  <system-out/>
</testsuite> <!-- hrapp.validateAssignLeave -->
