<?xml version="1.0" encoding="UTF-8"?>
<!-- Generated by org.testng.reporters.JUnitReportReporter -->
<testsuite skipped="0" hostname="ANUPAMAs-MBP" name="hrapp.validateDashboard" tests="1" failures="0" timestamp="2020-05-02T17:14:44 SGT" time="7.418" errors="0">
  <testcase name="validateAppDashboard" time="7.418" classname="hrapp.validateDashboard"/>
  <system-out/>
</testsuite> <!-- hrapp.validateDashboard -->
