<?xml version="1.0" encoding="UTF-8"?>
<!-- Generated by org.testng.reporters.JUnitReportReporter -->
<testsuite skipped="0" hostname="ANUPAMAs-MBP" name="hrapp.validateAddEntitlement" tests="2" failures="0" timestamp="2020-05-07T14:48:15 SGT" time="52.484" errors="0">
  <testcase name="AddEntitlement" time="27.238" classname="hrapp.validateAddEntitlement"/>
  <system-out/>
  <testcase name="AddEntitlement" time="25.246" classname="hrapp.validateAddEntitlement"/>
  <system-out/>
</testsuite> <!-- hrapp.validateAddEntitlement -->
