<?xml version="1.0" encoding="UTF-8"?>
<!-- Generated by org.testng.reporters.JUnitReportReporter -->
<testsuite skipped="0" hostname="ANUPAMAs-MBP" name="hrapp.validateDashboard" tests="3" failures="0" timestamp="2020-05-15T17:14:28 SGT" time="56.993" errors="0">
  <testcase name="validateAppDashboard" time="3.052" classname="hrapp.validateDashboard"/>
  <system-out/>
  <testcase name="AddEntitlement" time="28.320" classname="hrapp.validateDashboard"/>
  <system-out/>
  <testcase name="AddEntitlement" time="25.621" classname="hrapp.validateDashboard"/>
  <system-out/>
</testsuite> <!-- hrapp.validateDashboard -->
