<?xml version="1.0" encoding="UTF-8"?>
<!-- Generated by org.testng.reporters.JUnitReportReporter -->
<testsuite skipped="0" hostname="ANUPAMAs-MBP" name="hrapp.validateAddEntitlement" tests="1" failures="0" timestamp="2020-05-02T09:21:19 SGT" time="15.435" errors="0">
  <testcase name="AddEntitlement" time="15.435" classname="hrapp.validateAddEntitlement"/>
  <system-out/>
</testsuite> <!-- hrapp.validateAddEntitlement -->
