<?xml version="1.0" encoding="UTF-8"?>
<!-- Generated by org.testng.reporters.JUnitReportReporter -->
<testsuite skipped="0" hostname="ANUPAMAs-MBP" name="hrapp.HomePage" tests="1" failures="0" timestamp="2020-05-02T17:14:44 SGT" time="10.397" errors="0">
  <testcase name="basePageNavigation" time="10.397" classname="hrapp.HomePage"/>
  <system-out/>
</testsuite> <!-- hrapp.HomePage -->
