<?xml version="1.0" encoding="UTF-8"?>
<!-- Generated by org.testng.reporters.JUnitReportReporter -->
<testsuite skipped="0" hostname="ANUPAMAs-MBP" name="hrapp.validateAssignLeave" tests="1" failures="0" timestamp="2020-05-04T12:11:33 SGT" time="24.073" errors="0">
  <testcase name="assignLeave" time="24.073" classname="hrapp.validateAssignLeave"/>
  <system-out/>
</testsuite> <!-- hrapp.validateAssignLeave -->
