<?xml version="1.0" encoding="UTF-8"?>
<!-- Generated by org.testng.reporters.JUnitReportReporter -->
<testsuite skipped="0" hostname="ANUPAMAs-MBP" name="hrapp.validateAddEntitlement" tests="1" failures="0" timestamp="2020-05-02T17:14:44 SGT" time="5.389" errors="0">
  <testcase name="AddEntitlement" time="5.389" classname="hrapp.validateAddEntitlement"/>
  <system-out/>
</testsuite> <!-- hrapp.validateAddEntitlement -->
