<?xml version="1.0" encoding="UTF-8"?>
<!-- Generated by org.testng.reporters.JUnitReportReporter -->
<testsuite skipped="0" hostname="ANUPAMAs-MBP" name="utils.ExcelDataProvider" tests="2" failures="0" timestamp="2020-05-06T11:37:40 SGT" time="0.008" errors="0">
  <testcase name="test1" time="0.007" classname="utils.ExcelDataProvider"/>
  <system-out/>
  <testcase name="test1" time="0.001" classname="utils.ExcelDataProvider"/>
  <system-out/>
</testsuite> <!-- utils.ExcelDataProvider -->
