<?xml version="1.0" encoding="UTF-8"?>
<!-- Generated by org.testng.reporters.JUnitReportReporter -->
<testsuite skipped="0" hostname="ANUPAMAs-MBP" name="hrapp.validateDashboard" tests="1" failures="0" timestamp="2020-05-04T09:55:21 SGT" time="6.006" errors="0">
  <testcase name="validateAppDashboard" time="6.006" classname="hrapp.validateDashboard"/>
  <system-out/>
</testsuite> <!-- hrapp.validateDashboard -->
