<?xml version="1.0" encoding="UTF-8"?>
<!-- Generated by org.testng.reporters.JUnitReportReporter -->
<testsuite skipped="0" hostname="ANUPAMAs-MBP" name="hrapp.validateAssignLeave" tests="1" failures="0" timestamp="2020-05-07T11:50:20 SGT" time="9.678" errors="0">
  <testcase name="assignLeave" time="9.678" classname="hrapp.validateAssignLeave"/>
  <system-out/>
</testsuite> <!-- hrapp.validateAssignLeave -->
