<?xml version="1.0" encoding="UTF-8"?>
<!-- Generated by org.testng.reporters.JUnitReportReporter -->
<testsuite skipped="0" hostname="ANUPAMAs-MBP" name="hrapp.validateDashboard" tests="3" failures="0" timestamp="2020-05-15T16:54:41 SGT" time="57.413" errors="0">
  <testcase name="validateAppDashboard" time="3.048" classname="hrapp.validateDashboard"/>
  <system-out/>
  <testcase name="AddEntitlement" time="28.489" classname="hrapp.validateDashboard"/>
  <system-out/>
  <testcase name="AddEntitlement" time="25.876" classname="hrapp.validateDashboard"/>
  <system-out/>
</testsuite> <!-- hrapp.validateDashboard -->
