<?xml version="1.0" encoding="UTF-8"?>
<!-- Generated by org.testng.reporters.JUnitReportReporter -->
<testsuite skipped="0" hostname="ANUPAMAs-MBP" name="hrapp.validateDashboard" tests="1" failures="0" timestamp="2020-05-07T14:48:15 SGT" time="3.032" errors="0">
  <testcase name="validateAppDashboard" time="3.032" classname="hrapp.validateDashboard"/>
  <system-out/>
</testsuite> <!-- hrapp.validateDashboard -->
