<?xml version="1.0" encoding="UTF-8"?>
<!-- Generated by org.testng.reporters.JUnitReportReporter -->
<testsuite skipped="0" hostname="ANUPAMAs-MBP" name="hrapp.validateDashboard" tests="1" failures="0" timestamp="2020-05-02T06:53:38 SGT" time="5.926" errors="0">
  <testcase name="validateAppDashboard" time="5.926" classname="hrapp.validateDashboard"/>
  <system-out/>
</testsuite> <!-- hrapp.validateDashboard -->
