<?xml version="1.0" encoding="UTF-8"?>
<!-- Generated by org.testng.reporters.JUnitReportReporter -->
<testsuite skipped="0" hostname="ANUPAMAs-MBP" name="hrapp.validateAssignLeave" tests="1" failures="0" timestamp="2020-05-11T12:30:58 SGT" time="10.530" errors="0">
  <testcase name="assignLeave" time="10.530" classname="hrapp.validateAssignLeave"/>
  <system-out/>
</testsuite> <!-- hrapp.validateAssignLeave -->
