<?xml version="1.0" encoding="UTF-8"?>
<!-- Generated by org.testng.reporters.JUnitReportReporter -->
<testsuite skipped="0" hostname="ANUPAMAs-MBP" name="hrapp.validateAddEntitlement" tests="2" failures="0" timestamp="2020-05-11T12:30:58 SGT" time="66.147" errors="0">
  <testcase name="AddEntitlement" time="28.492" classname="hrapp.validateAddEntitlement"/>
  <system-out/>
  <testcase name="AddEntitlement" time="37.655" classname="hrapp.validateAddEntitlement"/>
  <system-out/>
</testsuite> <!-- hrapp.validateAddEntitlement -->
