<?xml version="1.0" encoding="UTF-8"?>
<!-- Generated by org.testng.reporters.JUnitReportReporter -->
<testsuite skipped="0" hostname="ANUPAMAs-MBP" name="hrapp.validateAddEntitlement" tests="2" failures="0" timestamp="2020-05-11T14:39:53 SGT" time="52.400" errors="0">
  <testcase name="AddEntitlement" time="27.012" classname="hrapp.validateAddEntitlement"/>
  <system-out/>
  <testcase name="AddEntitlement" time="25.388" classname="hrapp.validateAddEntitlement"/>
  <system-out/>
</testsuite> <!-- hrapp.validateAddEntitlement -->
