<?xml version="1.0" encoding="UTF-8"?>
<!-- Generated by org.testng.reporters.JUnitReportReporter -->
<testsuite hostname="ANUPAMAs-MBP" failures="0" tests="1" name="hrapp.validateAssignLeave" time="9.595" errors="0" timestamp="2020-05-11T16:33:44 SGT" skipped="0">
  <testcase classname="hrapp.validateAssignLeave" name="assignLeave" time="9.595"/>
  <system-out/>
</testsuite> <!-- hrapp.validateAssignLeave -->
