<?xml version="1.0" encoding="UTF-8"?>
<!-- Generated by org.testng.reporters.JUnitReportReporter -->
<testsuite hostname="ANUPAMAs-MBP" failures="0" tests="3" name="hrapp.validateDashboard" time="55.193" errors="0" timestamp="2020-05-11T16:33:44 SGT" skipped="0">
  <testcase classname="hrapp.validateDashboard" name="validateAppDashboard" time="3.045"/>
  <system-out/>
  <testcase classname="hrapp.validateDashboard" name="AddEntitlement" time="26.883"/>
  <system-out/>
  <testcase classname="hrapp.validateDashboard" name="AddEntitlement" time="25.265"/>
  <system-out/>
</testsuite> <!-- hrapp.validateDashboard -->
